#! /usr/local/Cellar/icarus-verilog/10.1.1/bin/vvp
:ivl_version "10.1 (stable)" "(v10_1_1)";
:ivl_delay_selection "TYPICAL";
:vpi_time_precision + 0;
:vpi_module "system";
:vpi_module "vhdl_sys";
:vpi_module "v2005_math";
:vpi_module "va_math";
S_0x7fb6a6d07ef0 .scope module, "labM" "labM" 2 1;
 .timescale 0 0;
v0x7fb6a6d180f0_0 .var "clk", 0 0;
v0x7fb6a6d18190_0 .var "d", 31 0;
v0x7fb6a6d18240_0 .var "enable", 0 0;
v0x7fb6a6d18310_0 .var "flag", 0 0;
o0x10bd03098 .functor BUFZ 32, C4<zzzzzzzzzzzzzzzzzzzzzzzzzzzzzzzz>; HiZ drive
v0x7fb6a6d183a0_0 .net "z", 31 0, o0x10bd03098;  0 drivers
S_0x7fb6a6d08050 .scope module, "mine" "register" 2 6, 3 1 0, S_0x7fb6a6d07ef0;
 .timescale 0 0;
    .port_info 0 /INPUT 32 "z"
    .port_info 1 /INPUT 32 "d"
    .port_info 2 /INPUT 1 "clk"
    .port_info 3 /INPUT 1 "enable"
v0x7fb6a6d02700_0 .net "clk", 0 0, v0x7fb6a6d180f0_0;  1 drivers
v0x7fb6a6d17e80_0 .net "d", 31 0, v0x7fb6a6d18190_0;  1 drivers
v0x7fb6a6d17f30_0 .net "enable", 0 0, v0x7fb6a6d18240_0;  1 drivers
v0x7fb6a6d17fe0_0 .net "z", 31 0, o0x10bd03098;  alias, 0 drivers
    .scope S_0x7fb6a6d07ef0;
T_0 ;
    %vpi_func 2 12 "$value$plusargs" 32, "enable=%b", v0x7fb6a6d18240_0 {0 0 0};
    %pad/u 1;
    %store/vec4 v0x7fb6a6d18310_0, 0, 1;
    %pushi/vec4 0, 0, 1;
    %store/vec4 v0x7fb6a6d180f0_0, 0, 1;
    %vpi_call 2 14 "$monitor", "%5d: clk=%b,d=%d,z=%d,expect=%d", $time, v0x7fb6a6d180f0_0, v0x7fb6a6d18190_0, v0x7fb6a6d183a0_0, v0x7fb6a6d18240_0 {0 0 0};
    %pushi/vec4 20, 0, 32;
T_0.0 %dup/vec4;
    %pushi/vec4 0, 0, 32;
    %cmp/s;
    %jmp/1xz T_0.1, 5;
    %jmp/1 T_0.1, 4;
    %pushi/vec4 1, 0, 32;
    %sub;
    %delay 2, 0;
    %vpi_func 2 17 "$random" 32 {0 0 0};
    %store/vec4 v0x7fb6a6d18190_0, 0, 32;
    %jmp T_0.0;
T_0.1 ;
    %pop/vec4 1;
    %vpi_call 2 19 "$finish" {0 0 0};
    %end;
    .thread T_0;
    .scope S_0x7fb6a6d07ef0;
T_1 ;
    %delay 5, 0;
    %load/vec4 v0x7fb6a6d180f0_0;
    %inv;
    %store/vec4 v0x7fb6a6d180f0_0, 0, 1;
    %jmp T_1;
    .thread T_1;
# The file index is used to find the file name in the following table.
:file_names 4;
    "N/A";
    "<interactive>";
    "LabM2.v";
    "register.v";
