#! /usr/local/Cellar/icarus-verilog/10.1.1/bin/vvp
:ivl_version "10.1 (stable)" "(v10_1_1)";
:ivl_delay_selection "TYPICAL";
:vpi_time_precision + 0;
:vpi_module "system";
:vpi_module "vhdl_sys";
:vpi_module "v2005_math";
:vpi_module "va_math";
S_0x7f8a05600460 .scope module, "labK" "labK" 2 1;
 .timescale 0 0;
L_0x7f8a05705120 .functor NOT 1, v0x7f8a05704ad0_0, C4<0>, C4<0>, C4<0>;
L_0x7f8a057051c0 .functor AND 1, v0x7f8a056005c0_0, L_0x7f8a05705450, C4<1>, C4<1>;
L_0x7f8a05705290 .functor AND 1, v0x7f8a05704a20_0, v0x7f8a05704ad0_0, C4<1>, C4<1>;
L_0x7f8a057053a0 .functor OR 1, L_0x7f8a05705570, L_0x7f8a05705660, C4<0>, C4<0>;
L_0x7f8a05705450 .functor BUFZ 1, L_0x7f8a05705120, C4<0>, C4<0>, C4<0>;
L_0x7f8a05705570 .functor BUFZ 1, L_0x7f8a057051c0, C4<0>, C4<0>, C4<0>;
L_0x7f8a05705660 .functor BUFZ 1, L_0x7f8a05705290, C4<0>, C4<0>, C4<0>;
v0x7f8a056005c0_0 .var "a", 0 0;
v0x7f8a05704a20_0 .var "b", 0 0;
v0x7f8a05704ad0_0 .var "c", 0 0;
v0x7f8a05704b80_0 .net "finalInputOne", 0 0, L_0x7f8a05705570;  1 drivers
v0x7f8a05704c20_0 .net "finalInputTwo", 0 0, L_0x7f8a05705660;  1 drivers
v0x7f8a05704d00_0 .var "flag", 0 0;
v0x7f8a05704da0_0 .net "lowerInputOne", 0 0, L_0x7f8a05705450;  1 drivers
v0x7f8a05704e40_0 .net "notOutput", 0 0, L_0x7f8a05705120;  1 drivers
v0x7f8a05704ee0_0 .net "outputOne", 0 0, L_0x7f8a057051c0;  1 drivers
v0x7f8a05704ff0_0 .net "outputTwo", 0 0, L_0x7f8a05705290;  1 drivers
v0x7f8a05705080_0 .net "z", 0 0, L_0x7f8a057053a0;  1 drivers
    .scope S_0x7f8a05600460;
T_0 ;
    %vpi_func 2 18 "$value$plusargs" 32, "a=%b", v0x7f8a056005c0_0 {0 0 0};
    %pad/u 1;
    %store/vec4 v0x7f8a05704d00_0, 0, 1;
    %vpi_func 2 19 "$value$plusargs" 32, "b=%b", v0x7f8a05704a20_0 {0 0 0};
    %pad/u 1;
    %store/vec4 v0x7f8a05704d00_0, 0, 1;
    %vpi_func 2 20 "$value$plusargs" 32, "c=%b", v0x7f8a05704ad0_0 {0 0 0};
    %pad/u 1;
    %store/vec4 v0x7f8a05704d00_0, 0, 1;
    %delay 10, 0;
    %vpi_call 2 21 "$display", "a=%b b=%b c=%b z=%b", v0x7f8a056005c0_0, v0x7f8a05704a20_0, v0x7f8a05704ad0_0, v0x7f8a05705080_0 {0 0 0};
    %vpi_call 2 22 "$finish" {0 0 0};
    %end;
    .thread T_0;
# The file index is used to find the file name in the following table.
:file_names 3;
    "N/A";
    "<interactive>";
    "LabK7.v";
